<?xml version="1.0" encoding="UTF-8"?>
<testng-results skipped="0" failed="0" ignored="0" total="2" passed="2">
  <reporter-output>
  </reporter-output>
  <suite name="Suite" duration-ms="14778" started-at="2021-02-24T07:51:19Z" finished-at="2021-02-24T07:51:34Z">
    <groups>
    </groups>
    <test name="Test" duration-ms="14778" started-at="2021-02-24T07:51:19Z" finished-at="2021-02-24T07:51:34Z">
      <class name="Maven.Github.AppTest">
        <test-method status="PASS" signature="testApp()[pri:0, instance:Maven.Github.AppTest@12f41634]" name="testApp" duration-ms="5" started-at="2021-02-24T07:51:19Z" finished-at="2021-02-24T07:51:19Z">
          <reporter-output>
          </reporter-output>
        </test-method> <!-- testApp -->
      </class> <!-- Maven.Github.AppTest -->
      <class name="test.Testcase1">
        <test-method status="PASS" signature="setup()[pri:0, instance:test.Testcase1@13c27452]" name="setup" is-config="true" duration-ms="6785" started-at="2021-02-24T07:51:19Z" finished-at="2021-02-24T07:51:26Z">
          <reporter-output>
          </reporter-output>
        </test-method> <!-- setup -->
        <test-method status="PASS" signature="LoginTest()[pri:0, instance:test.Testcase1@13c27452]" name="LoginTest" duration-ms="7880" started-at="2021-02-24T07:51:26Z" finished-at="2021-02-24T07:51:34Z">
          <reporter-output>
          </reporter-output>
        </test-method> <!-- LoginTest -->
        <test-method status="PASS" signature="CloseBrowser()[pri:0, instance:test.Testcase1@13c27452]" name="CloseBrowser" is-config="true" duration-ms="80" started-at="2021-02-24T07:51:34Z" finished-at="2021-02-24T07:51:34Z">
          <reporter-output>
          </reporter-output>
        </test-method> <!-- CloseBrowser -->
      </class> <!-- test.Testcase1 -->
    </test> <!-- Test -->
  </suite> <!-- Suite -->
</testng-results>
