<?xml version="1.0" encoding="UTF-8"?>
<testng-results skipped="0" failed="0" ignored="0" total="1" passed="1">
  <reporter-output>
  </reporter-output>
  <suite name="Default suite" duration-ms="17227" started-at="2021-02-24T07:33:27Z" finished-at="2021-02-24T07:33:45Z">
    <groups>
    </groups>
    <test name="Default test" duration-ms="17227" started-at="2021-02-24T07:33:27Z" finished-at="2021-02-24T07:33:45Z">
      <class name="test.Testcase1">
        <test-method status="PASS" signature="setup()[pri:0, instance:test.Testcase1@4c762604]" name="setup" is-config="true" duration-ms="7895" started-at="2021-02-24T07:33:27Z" finished-at="2021-02-24T07:33:35Z">
          <reporter-output>
          </reporter-output>
        </test-method> <!-- setup -->
        <test-method status="PASS" signature="LoginTest()[pri:0, instance:test.Testcase1@4c762604]" name="LoginTest" duration-ms="9300" started-at="2021-02-24T07:33:35Z" finished-at="2021-02-24T07:33:45Z">
          <reporter-output>
          </reporter-output>
        </test-method> <!-- LoginTest -->
        <test-method status="PASS" signature="CloseBrowser()[pri:0, instance:test.Testcase1@4c762604]" name="CloseBrowser" is-config="true" duration-ms="1" started-at="2021-02-24T07:33:45Z" finished-at="2021-02-24T07:33:45Z">
          <reporter-output>
          </reporter-output>
        </test-method> <!-- CloseBrowser -->
      </class> <!-- test.Testcase1 -->
    </test> <!-- Default test -->
  </suite> <!-- Default suite -->
</testng-results>
